[2020-02-21T12:18:19Z ERROR rls::actions::hover] extract_decl: error: BadLocation
[2020-02-21T12:18:37Z ERROR rls::actions::hover] extract_decl: error: BadLocation
error: expected one of `:`, `@`, or `|`, found `,`
 --> <stdin>:1:41
  |
1 | impl Dummy { pub fn sub_boundsub_bound(n, ) { unimplemented!() } }
  |                                         ^ expected one of `:`, `@`, or `|` here
  |
  = note: anonymous parameters are removed in the 2018 edition (see RFC 1685)
help: if this is a `self` type, give it a parameter name
  |
1 | impl Dummy { pub fn sub_boundsub_bound(self: n, ) { unimplemented!() } }
  |                                        ^^^^^^^
help: if this was a parameter name, give it a type
  |
1 | impl Dummy { pub fn sub_boundsub_bound(n: TypeName, ) { unimplemented!() } }
  |                                        ^^^^^^^^^^^
help: if this is a type, explicitly ignore the parameter name
  |
1 | impl Dummy { pub fn sub_boundsub_bound(_: n, ) { unimplemented!() } }
  |                                        ^^^^

[2020-02-21T12:18:37Z ERROR rls::actions::hover] format_method: error: Failed, input: "impl Dummy { pub fn sub_boundsub_bound(n, ) { unimplemented!() } }"
[2020-02-21T12:18:42Z ERROR rls::actions::hover] extract_decl: error: BadLocation
