[2020-02-21T07:37:34Z ERROR rls::actions::hover] extract_decl: error: BadLocation
[2020-02-21T07:40:04Z ERROR rls::actions::hover] extract_decl: error: BadLocation
thread 'request-worker-3' panicked at 'Definition should have an end (`{` or `;`)', src/libcore/option.rs:1188:5
note: run with `RUST_BACKTRACE=1` environment variable to display a backtrace.
[2020-02-21T07:44:32Z ERROR rls::actions::hover] extract_decl: error: BadLocation
error: expected one of `->`, `where`, or `{`, found `pub`
 --> <stdin>:3:1
  |
1 | impl Dummy { pub fn dight_size()
  |                                 - expected one of `->`, `where`, or `{` here
2 | 
3 | pub fn dight_vec(n: u64) -> Vec<u64> { unimplemented!() } }
  | ^^^ unexpected token

[2020-02-21T07:46:26Z ERROR rls::actions::hover] format_method: error: Failed, input: "impl Dummy { pub fn dight_size()\n\npub fn dight_vec(n: u64) -> Vec<u64> { unimplemented!() } }"
error: expected one of `->`, `where`, or `{`, found `pub`
 --> <stdin>:4:1
  |
1 | impl Dummy { pub fn dight_size()
  |                                 - expected one of `->`, `where`, or `{` here
...
4 | pub fn dight_vec(n: u64) -> Vec<u64> { unimplemented!() } }
  | ^^^ unexpected token

[2020-02-21T07:49:44Z ERROR rls::actions::hover] format_method: error: Failed, input: "impl Dummy { pub fn dight_size()\n\n\npub fn dight_vec(n: u64) -> Vec<u64> { unimplemented!() } }"
[2020-02-21T07:54:26Z ERROR rls::actions::hover] extract_decl: error: BadLocation
[2020-02-21T07:56:18Z ERROR rls::actions::hover] extract_decl: error: BadLocation
[2020-02-21T08:04:17Z ERROR rls::actions::hover] extract_decl: error: BadLocation
[2020-02-21T08:04:27Z ERROR rls::actions::hover] extract_decl: error: BadLocation
thread 'request-worker-1' panicked at 'Definition should have an end (`{` or `;`)', src/libcore/option.rs:1188:5
